# JRE version: Java(TM) SE Runtime Environment (8.0_65-b17) (build 1.8.0_65-b17)
# Java VM: Java HotSpot(TM) 64-Bit Server VM (25.65-b01 mixed mode windows-amd64 compressed oops)
Heap:
 PSYoungGen      total 361472K, used 13299K [0x000000076ae00000, 0x0000000784c00000, 0x00000007c0000000)
  eden space 342528K, 3% used [0x000000076ae00000,0x000000076bafcd30,0x000000077fc80000)
  from space 18944K, 0% used [0x000000077fc80000,0x000000077fc80000,0x0000000780f00000)
  to   space 23040K, 0% used [0x0000000783580000,0x0000000783580000,0x0000000784c00000)
 ParOldGen       total 212992K, used 37609K [0x00000006c0a00000, 0x00000006cda00000, 0x000000076ae00000)
  object space 212992K, 17% used [0x00000006c0a00000,0x00000006c2eba788,0x00000006cda00000)
 Metaspace       used 58423K, capacity 59224K, committed 59672K, reserved 1101824K
  class space    used 7416K, capacity 7576K, committed 7600K, reserved 1048576K
GC Heap History (10 events):
Event: 4.433 GC heap before
{Heap before GC invocations=8 (full 1):
 PSYoungGen      total 226304K, used 119421K [0x000000076ae00000, 0x0000000779f00000, 0x00000007c0000000)
  eden space 216576K, 50% used [0x000000076ae00000,0x0000000771971a40,0x0000000778180000)
  from space 9728K, 96% used [0x0000000779580000,0x0000000779eadb48,0x0000000779f00000)
  to   space 14336K, 0% used [0x0000000778300000,0x0000000778300000,0x0000000779100000)
 ParOldGen       total 95744K, used 10014K [0x00000006c0a00000, 0x00000006c6780000, 0x000000076ae00000)
  object space 95744K, 10% used [0x00000006c0a00000,0x00000006c13c79d8,0x00000006c6780000)
 Metaspace       used 34728K, capacity 35100K, committed 35496K, reserved 1081344K
  class space    used 4181K, capacity 4282K, committed 4400K, reserved 1048576K
Event: 4.443 GC heap after
Heap after GC invocations=8 (full 1):
 PSYoungGen      total 232448K, used 13293K [0x000000076ae00000, 0x0000000782180000, 0x00000007c0000000)
  eden space 218112K, 0% used [0x000000076ae00000,0x000000076ae00000,0x0000000778300000)
  from space 14336K, 92% used [0x0000000778300000,0x0000000778ffb428,0x0000000779100000)
  to   space 15360K, 0% used [0x0000000781280000,0x0000000781280000,0x0000000782180000)
 ParOldGen       total 95744K, used 10022K [0x00000006c0a00000, 0x00000006c6780000, 0x000000076ae00000)
  object space 95744K, 10% used [0x00000006c0a00000,0x00000006c13c99d8,0x00000006c6780000)
 Metaspace       used 34728K, capacity 35100K, committed 35496K, reserved 1081344K
  class space    used 4181K, capacity 4282K, committed 4400K, reserved 1048576K
}
Event: 4.443 GC heap before
{Heap before GC invocations=9 (full 2):
 PSYoungGen      total 232448K, used 13293K [0x000000076ae00000, 0x0000000782180000, 0x00000007c0000000)
  eden space 218112K, 0% used [0x000000076ae00000,0x000000076ae00000,0x0000000778300000)
  from space 14336K, 92% used [0x0000000778300000,0x0000000778ffb428,0x0000000779100000)
  to   space 15360K, 0% used [0x0000000781280000,0x0000000781280000,0x0000000782180000)
 ParOldGen       total 95744K, used 10022K [0x00000006c0a00000, 0x00000006c6780000, 0x000000076ae00000)
  object space 95744K, 10% used [0x00000006c0a00000,0x00000006c13c99d8,0x00000006c6780000)
 Metaspace       used 34728K, capacity 35100K, committed 35496K, reserved 1081344K
  class space    used 4181K, capacity 4282K, committed 4400K, reserved 1048576K
Event: 4.535 GC heap after
Heap after GC invocations=9 (full 2):
 PSYoungGen      total 232448K, used 0K [0x000000076ae00000, 0x0000000782180000, 0x00000007c0000000)
  eden space 218112K, 0% used [0x000000076ae00000,0x000000076ae00000,0x0000000778300000)
  from space 14336K, 0% used [0x0000000778300000,0x0000000778300000,0x0000000779100000)
  to   space 15360K, 0% used [0x0000000781280000,0x0000000781280000,0x0000000782180000)
 ParOldGen       total 152064K, used 22356K [0x00000006c0a00000, 0x00000006c9e80000, 0x000000076ae00000)
  object space 152064K, 14% used [0x00000006c0a00000,0x00000006c1fd50d0,0x00000006c9e80000)
 Metaspace       used 34728K, capacity 35100K, committed 35496K, reserved 1081344K
  class space    used 4181K, capacity 4282K, committed 4400K, reserved 1048576K
}
Event: 6.874 GC heap before
{Heap before GC invocations=10 (full 2):
 PSYoungGen      total 232448K, used 218112K [0x000000076ae00000, 0x0000000782180000, 0x00000007c0000000)
  eden space 218112K, 100% used [0x000000076ae00000,0x0000000778300000,0x0000000778300000)
  from space 14336K, 0% used [0x0000000778300000,0x0000000778300000,0x0000000779100000)
  to   space 15360K, 0% used [0x0000000781280000,0x0000000781280000,0x0000000782180000)
 ParOldGen       total 152064K, used 22356K [0x00000006c0a00000, 0x00000006c9e80000, 0x000000076ae00000)
  object space 152064K, 14% used [0x00000006c0a00000,0x00000006c1fd50d0,0x00000006c9e80000)
 Metaspace       used 49601K, capacity 50196K, committed 50736K, reserved 1093632K
  class space    used 6297K, capacity 6430K, committed 6448K, reserved 1048576K
Event: 6.891 GC heap after
Heap after GC invocations=10 (full 2):
 PSYoungGen      total 326144K, used 15331K [0x000000076ae00000, 0x0000000782180000, 0x00000007c0000000)
  eden space 310784K, 0% used [0x000000076ae00000,0x000000076ae00000,0x000000077dd80000)
  from space 15360K, 99% used [0x0000000781280000,0x0000000782178df8,0x0000000782180000)
  to   space 18944K, 0% used [0x000000077fc80000,0x000000077fc80000,0x0000000780f00000)
 ParOldGen       total 152064K, used 26947K [0x00000006c0a00000, 0x00000006c9e80000, 0x000000076ae00000)
  object space 152064K, 17% used [0x00000006c0a00000,0x00000006c2450d00,0x00000006c9e80000)
 Metaspace       used 49601K, capacity 50196K, committed 50736K, reserved 1093632K
  class space    used 6297K, capacity 6430K, committed 6448K, reserved 1048576K
}
Event: 32.648 GC heap before
{Heap before GC invocations=11 (full 2):
 PSYoungGen      total 326144K, used 300244K [0x000000076ae00000, 0x0000000782180000, 0x00000007c0000000)
  eden space 310784K, 91% used [0x000000076ae00000,0x000000077c43c248,0x000000077dd80000)
  from space 15360K, 99% used [0x0000000781280000,0x0000000782178df8,0x0000000782180000)
  to   space 18944K, 0% used [0x000000077fc80000,0x000000077fc80000,0x0000000780f00000)
 ParOldGen       total 152064K, used 26947K [0x00000006c0a00000, 0x00000006c9e80000, 0x000000076ae00000)
  object space 152064K, 17% used [0x00000006c0a00000,0x00000006c2450d00,0x00000006c9e80000)
 Metaspace       used 58100K, capacity 58860K, committed 59160K, reserved 1101824K
  class space    used 7370K, capacity 7542K, committed 7600K, reserved 1048576K
Event: 32.664 GC heap after
Heap after GC invocations=11 (full 2):
 PSYoungGen      total 361472K, used 18929K [0x000000076ae00000, 0x0000000784c00000, 0x00000007c0000000)
  eden space 342528K, 0% used [0x000000076ae00000,0x000000076ae00000,0x000000077fc80000)
  from space 18944K, 99% used [0x000000077fc80000,0x0000000780efc660,0x0000000780f00000)
  to   space 23040K, 0% used [0x0000000783580000,0x0000000783580000,0x0000000784c00000)
 ParOldGen       total 152064K, used 31262K [0x00000006c0a00000, 0x00000006c9e80000, 0x000000076ae00000)
  object space 152064K, 20% used [0x00000006c0a00000,0x00000006c2887a98,0x00000006c9e80000)
 Metaspace       used 58100K, capacity 58860K, committed 59160K, reserved 1101824K
  class space    used 7370K, capacity 7542K, committed 7600K, reserved 1048576K
}
Event: 32.664 GC heap before
{Heap before GC invocations=12 (full 3):
 PSYoungGen      total 361472K, used 18929K [0x000000076ae00000, 0x0000000784c00000, 0x00000007c0000000)
  eden space 342528K, 0% used [0x000000076ae00000,0x000000076ae00000,0x000000077fc80000)
  from space 18944K, 99% used [0x000000077fc80000,0x0000000780efc660,0x0000000780f00000)
  to   space 23040K, 0% used [0x0000000783580000,0x0000000783580000,0x0000000784c00000)
 ParOldGen       total 152064K, used 31262K [0x00000006c0a00000, 0x00000006c9e80000, 0x000000076ae00000)
  object space 152064K, 20% used [0x00000006c0a00000,0x00000006c2887a98,0x00000006c9e80000)
 Metaspace       used 58100K, capacity 58860K, committed 59160K, reserved 1101824K
  class space    used 7370K, capacity 7542K, committed 7600K, reserved 1048576K
Event: 32.806 GC heap after
Heap after GC invocations=12 (full 3):
 PSYoungGen      total 361472K, used 0K [0x000000076ae00000, 0x0000000784c00000, 0x00000007c0000000)
  eden space 342528K, 0% used [0x000000076ae00000,0x000000076ae00000,0x000000077fc80000)
  from space 18944K, 0% used [0x000000077fc80000,0x000000077fc80000,0x0000000780f00000)
  to   space 23040K, 0% used [0x0000000783580000,0x0000000783580000,0x0000000784c00000)
 ParOldGen       total 212992K, used 37609K [0x00000006c0a00000, 0x00000006cda00000, 0x000000076ae00000)
  object space 212992K, 17% used [0x00000006c0a00000,0x00000006c2eba788,0x00000006cda00000)
 Metaspace       used 58100K, capacity 58860K, committed 59160K, reserved 1101824K
  class space    used 7370K, capacity 7542K, committed 7600K, reserved 1048576K
}

