# JRE version: Java(TM) SE Runtime Environment (8.0_65-b17) (build 1.8.0_65-b17)
# Java VM: Java HotSpot(TM) 64-Bit Server VM (25.65-b01 mixed mode windows-amd64 compressed oops)
Heap:
 PSYoungGen      total 378880K, used 145938K [0x000000076ae00000, 0x0000000786e80000, 0x00000007c0000000)
  eden space 359424K, 40% used [0x000000076ae00000,0x0000000773c84b00,0x0000000780d00000)
  from space 19456K, 0% used [0x0000000780d00000,0x0000000780d00000,0x0000000782000000)
  to   space 22528K, 0% used [0x0000000785880000,0x0000000785880000,0x0000000786e80000)
 ParOldGen       total 192512K, used 35752K [0x00000006c0a00000, 0x00000006cc600000, 0x000000076ae00000)
  object space 192512K, 18% used [0x00000006c0a00000,0x00000006c2cea340,0x00000006cc600000)
 Metaspace       used 62903K, capacity 63704K, committed 63920K, reserved 1105920K
  class space    used 7861K, capacity 8050K, committed 8112K, reserved 1048576K
GC Heap History (10 events):
Event: 4.465 GC heap before
{Heap before GC invocations=8 (full 1):
 PSYoungGen      total 231936K, used 126338K [0x000000076ae00000, 0x000000077a500000, 0x00000007c0000000)
  eden space 222208K, 52% used [0x000000076ae00000,0x0000000772013e08,0x0000000778700000)
  from space 9728K, 97% used [0x0000000779b80000,0x000000077a4ccd80,0x000000077a500000)
  to   space 14336K, 0% used [0x0000000778900000,0x0000000778900000,0x0000000779700000)
 ParOldGen       total 92160K, used 9869K [0x00000006c0a00000, 0x00000006c6400000, 0x000000076ae00000)
  object space 92160K, 10% used [0x00000006c0a00000,0x00000006c13a35e0,0x00000006c6400000)
 Metaspace       used 34831K, capacity 35198K, committed 35496K, reserved 1081344K
  class space    used 4204K, capacity 4314K, committed 4400K, reserved 1048576K
Event: 4.475 GC heap after
Heap after GC invocations=8 (full 1):
 PSYoungGen      total 238592K, used 13550K [0x000000076ae00000, 0x0000000783300000, 0x00000007c0000000)
  eden space 224256K, 0% used [0x000000076ae00000,0x000000076ae00000,0x0000000778900000)
  from space 14336K, 94% used [0x0000000778900000,0x000000077963bbc8,0x0000000779700000)
  to   space 15360K, 0% used [0x0000000782400000,0x0000000782400000,0x0000000783300000)
 ParOldGen       total 92160K, used 9877K [0x00000006c0a00000, 0x00000006c6400000, 0x000000076ae00000)
  object space 92160K, 10% used [0x00000006c0a00000,0x00000006c13a55e0,0x00000006c6400000)
 Metaspace       used 34831K, capacity 35198K, committed 35496K, reserved 1081344K
  class space    used 4204K, capacity 4314K, committed 4400K, reserved 1048576K
}
Event: 4.475 GC heap before
{Heap before GC invocations=9 (full 2):
 PSYoungGen      total 238592K, used 13550K [0x000000076ae00000, 0x0000000783300000, 0x00000007c0000000)
  eden space 224256K, 0% used [0x000000076ae00000,0x000000076ae00000,0x0000000778900000)
  from space 14336K, 94% used [0x0000000778900000,0x000000077963bbc8,0x0000000779700000)
  to   space 15360K, 0% used [0x0000000782400000,0x0000000782400000,0x0000000783300000)
 ParOldGen       total 92160K, used 9877K [0x00000006c0a00000, 0x00000006c6400000, 0x000000076ae00000)
  object space 92160K, 10% used [0x00000006c0a00000,0x00000006c13a55e0,0x00000006c6400000)
 Metaspace       used 34831K, capacity 35198K, committed 35496K, reserved 1081344K
  class space    used 4204K, capacity 4314K, committed 4400K, reserved 1048576K
Event: 4.563 GC heap after
Heap after GC invocations=9 (full 2):
 PSYoungGen      total 238592K, used 0K [0x000000076ae00000, 0x0000000783300000, 0x00000007c0000000)
  eden space 224256K, 0% used [0x000000076ae00000,0x000000076ae00000,0x0000000778900000)
  from space 14336K, 0% used [0x0000000778900000,0x0000000778900000,0x0000000779700000)
  to   space 15360K, 0% used [0x0000000782400000,0x0000000782400000,0x0000000783300000)
 ParOldGen       total 142336K, used 22477K [0x00000006c0a00000, 0x00000006c9500000, 0x000000076ae00000)
  object space 142336K, 15% used [0x00000006c0a00000,0x00000006c1ff36b0,0x00000006c9500000)
 Metaspace       used 34831K, capacity 35198K, committed 35496K, reserved 1081344K
  class space    used 4204K, capacity 4314K, committed 4400K, reserved 1048576K
}
Event: 6.640 GC heap before
{Heap before GC invocations=10 (full 2):
 PSYoungGen      total 238592K, used 224256K [0x000000076ae00000, 0x0000000783300000, 0x00000007c0000000)
  eden space 224256K, 100% used [0x000000076ae00000,0x0000000778900000,0x0000000778900000)
  from space 14336K, 0% used [0x0000000778900000,0x0000000778900000,0x0000000779700000)
  to   space 15360K, 0% used [0x0000000782400000,0x0000000782400000,0x0000000783300000)
 ParOldGen       total 142336K, used 22477K [0x00000006c0a00000, 0x00000006c9500000, 0x000000076ae00000)
  object space 142336K, 15% used [0x00000006c0a00000,0x00000006c1ff36b0,0x00000006c9500000)
 Metaspace       used 49802K, capacity 50434K, committed 50864K, reserved 1093632K
  class space    used 6308K, capacity 6464K, committed 6576K, reserved 1048576K
Event: 6.654 GC heap after
Heap after GC invocations=10 (full 2):
 PSYoungGen      total 347648K, used 15356K [0x000000076ae00000, 0x0000000783300000, 0x00000007c0000000)
  eden space 332288K, 0% used [0x000000076ae00000,0x000000076ae00000,0x000000077f280000)
  from space 15360K, 99% used [0x0000000782400000,0x00000007832ff208,0x0000000783300000)
  to   space 19456K, 0% used [0x0000000780d00000,0x0000000780d00000,0x0000000782000000)
 ParOldGen       total 142336K, used 27224K [0x00000006c0a00000, 0x00000006c9500000, 0x000000076ae00000)
  object space 142336K, 19% used [0x00000006c0a00000,0x00000006c2496290,0x00000006c9500000)
 Metaspace       used 49802K, capacity 50434K, committed 50864K, reserved 1093632K
  class space    used 6308K, capacity 6464K, committed 6576K, reserved 1048576K
}
Event: 208.753 GC heap before
{Heap before GC invocations=11 (full 2):
 PSYoungGen      total 347648K, used 271271K [0x000000076ae00000, 0x0000000783300000, 0x00000007c0000000)
  eden space 332288K, 77% used [0x000000076ae00000,0x000000077a7eadb8,0x000000077f280000)
  from space 15360K, 99% used [0x0000000782400000,0x00000007832ff208,0x0000000783300000)
  to   space 19456K, 0% used [0x0000000780d00000,0x0000000780d00000,0x0000000782000000)
 ParOldGen       total 142336K, used 27224K [0x00000006c0a00000, 0x00000006c9500000, 0x000000076ae00000)
  object space 142336K, 19% used [0x00000006c0a00000,0x00000006c2496290,0x00000006c9500000)
 Metaspace       used 58203K, capacity 58996K, committed 59160K, reserved 1101824K
  class space    used 7332K, capacity 7544K, committed 7600K, reserved 1048576K
Event: 208.767 GC heap after
Heap after GC invocations=11 (full 2):
 PSYoungGen      total 378880K, used 19425K [0x000000076ae00000, 0x0000000786e80000, 0x00000007c0000000)
  eden space 359424K, 0% used [0x000000076ae00000,0x000000076ae00000,0x0000000780d00000)
  from space 19456K, 99% used [0x0000000780d00000,0x0000000781ff8520,0x0000000782000000)
  to   space 22528K, 0% used [0x0000000785880000,0x0000000785880000,0x0000000786e80000)
 ParOldGen       total 142336K, used 29224K [0x00000006c0a00000, 0x00000006c9500000, 0x000000076ae00000)
  object space 142336K, 20% used [0x00000006c0a00000,0x00000006c268a128,0x00000006c9500000)
 Metaspace       used 58203K, capacity 58996K, committed 59160K, reserved 1101824K
  class space    used 7332K, capacity 7544K, committed 7600K, reserved 1048576K
}
Event: 208.767 GC heap before
{Heap before GC invocations=12 (full 3):
 PSYoungGen      total 378880K, used 19425K [0x000000076ae00000, 0x0000000786e80000, 0x00000007c0000000)
  eden space 359424K, 0% used [0x000000076ae00000,0x000000076ae00000,0x0000000780d00000)
  from space 19456K, 99% used [0x0000000780d00000,0x0000000781ff8520,0x0000000782000000)
  to   space 22528K, 0% used [0x0000000785880000,0x0000000785880000,0x0000000786e80000)
 ParOldGen       total 142336K, used 29224K [0x00000006c0a00000, 0x00000006c9500000, 0x000000076ae00000)
  object space 142336K, 20% used [0x00000006c0a00000,0x00000006c268a128,0x00000006c9500000)
 Metaspace       used 58203K, capacity 58996K, committed 59160K, reserved 1101824K
  class space    used 7332K, capacity 7544K, committed 7600K, reserved 1048576K
Event: 208.901 GC heap after
Heap after GC invocations=12 (full 3):
 PSYoungGen      total 378880K, used 0K [0x000000076ae00000, 0x0000000786e80000, 0x00000007c0000000)
  eden space 359424K, 0% used [0x000000076ae00000,0x000000076ae00000,0x0000000780d00000)
  from space 19456K, 0% used [0x0000000780d00000,0x0000000780d00000,0x0000000782000000)
  to   space 22528K, 0% used [0x0000000785880000,0x0000000785880000,0x0000000786e80000)
 ParOldGen       total 192512K, used 35752K [0x00000006c0a00000, 0x00000006cc600000, 0x000000076ae00000)
  object space 192512K, 18% used [0x00000006c0a00000,0x00000006c2cea340,0x00000006cc600000)
 Metaspace       used 58203K, capacity 58996K, committed 59160K, reserved 1101824K
  class space    used 7332K, capacity 7544K, committed 7600K, reserved 1048576K
}

